<?xml version="1.0" encoding="UTF-8"?>
<!-- Generated by org.testng.reporters.JUnitXMLReporter -->
<testsuite hostname="SumathiUsha-PC" ignored="0" name="ChromeTest" tests="4" failures="0" timestamp="27 Jun 2018 15:05:10 GMT" time="43.616" errors="0">
  <testcase name="tc_1" time="0.016" classname="Freq.Run"/>
  <testcase name="tc_2" time="0.002" classname="Freq.Run"/>
  <testcase name="tc_3" time="0.002" classname="Freq.Run"/>
  <testcase name="fourthTestcase" time="15.117" classname="Freq.Task4"/>
</testsuite> <!-- ChromeTest -->
