<?xml version="1.0" encoding="UTF-8"?>
<!-- Generated by org.testng.reporters.JUnitXMLReporter -->
<testsuite hostname="SumathiUsha-PC" ignored="3" name="FirefoxTest" tests="3" failures="0" timestamp="06 Jul 2018 08:31:01 GMT" time="0.061" errors="0">
  <testcase name="tc_3" time="0.015" classname="Freq.Run"/>
  <testcase name="tc_4" time="0.005" classname="Freq.Testgrp"/>
  <testcase name="tc_6" time="0.003" classname="Freq.Testgrp"/>
  <testcase name="tc_5" time="0.0" classname="Freq.Testgrp">
    <ignored/>
  </testcase> <!-- tc_5 -->
  <testcase name="tc_1" time="0.0" classname="Freq.Run">
    <ignored/>
  </testcase> <!-- tc_1 -->
  <testcase name="tc_2" time="0.0" classname="Freq.Run">
    <ignored/>
  </testcase> <!-- tc_2 -->
</testsuite> <!-- FirefoxTest -->
