<?xml version="1.0" encoding="UTF-8"?>
<!-- Generated by org.testng.reporters.JUnitXMLReporter -->
<testsuite hostname="SumathiUsha-PC" ignored="0" name="Test" tests="4" failures="0" timestamp="28 May 2018 17:00:38 GMT" time="43.884" errors="0">
  <testcase name="tc_1" time="0.015" classname="Freq.Run"/>
  <testcase name="tc_2" time="0.002" classname="Freq.Run"/>
  <testcase name="tc_3" time="0.003" classname="Freq.Run"/>
  <testcase name="fourthTestcase" time="14.201" classname="Freq.Task4"/>
</testsuite> <!-- Test -->
