<?xml version="1.0" encoding="UTF-8"?>
<!-- Generated by org.testng.reporters.JUnitXMLReporter -->
<testsuite hostname="SumathiUsha-PC" ignored="0" name="Test1" tests="4" failures="0" timestamp="28 May 2018 17:01:14 GMT" time="36.175" errors="0">
  <testcase name="tc_1" time="0.002" classname="Freq.Run"/>
  <testcase name="tc_2" time="0.001" classname="Freq.Run"/>
  <testcase name="tc_3" time="0.001" classname="Freq.Run"/>
  <testcase name="fourthTestcase" time="8.593" classname="Freq.Task4"/>
</testsuite> <!-- Test1 -->
