<?xml version="1.0" encoding="UTF-8"?>
<testng-results skipped="0" failed="0" ignored="0" total="1" passed="1">
  <reporter-output>
  </reporter-output>
  <suite name="Default suite" duration-ms="137" started-at="2018-07-08T18:11:15Z" finished-at="2018-07-08T18:11:15Z">
    <groups>
    </groups>
    <test name="Default test" duration-ms="137" started-at="2018-07-08T18:11:15Z" finished-at="2018-07-08T18:11:15Z">
      <class name="pack.SortArrayList">
        <test-method status="PASS" signature="arraylist()[pri:0, instance:pack.SortArrayList@2a5ca609]" name="arraylist" duration-ms="29" started-at="2018-07-08T23:41:15Z" finished-at="2018-07-08T23:41:15Z">
          <reporter-output>
          </reporter-output>
        </test-method> <!-- arraylist -->
      </class> <!-- pack.SortArrayList -->
    </test> <!-- Default test -->
  </suite> <!-- Default suite -->
</testng-results>
