<?xml version="1.0" encoding="UTF-8"?>
<!-- Generated by org.testng.reporters.JUnitXMLReporter -->
<testsuite hostname="SumathiUsha-PC" ignored="0" name="Demoxml" tests="6" failures="0" timestamp="20 Mar 2018 18:46:33 GMT" time="0.16" errors="0">
  <testcase name="tc_1" time="0.019" classname="pack.Ref"/>
  <testcase name="tc_2" time="0.003" classname="pack.Ref"/>
  <testcase name="tc_3" time="0.002" classname="pack.Ref"/>
  <testcase name="tc_4" time="0.002" classname="pack.Testgrp"/>
  <testcase name="tc_5" time="0.002" classname="pack.Testgrp"/>
  <testcase name="tc_6" time="0.004" classname="pack.Testgrp"/>
</testsuite> <!-- Demoxml -->
