<?xml version="1.0" encoding="UTF-8"?>
<!-- Generated by org.testng.reporters.JUnitXMLReporter -->
<testsuite hostname="SumathiUsha-PC" ignored="3" name="Demoxml" tests="3" failures="0" timestamp="21 Mar 2018 06:22:23 GMT" time="0.06" errors="0">
  <testcase name="tc_1" time="0.017" classname="pack.Ref"/>
  <testcase name="tc_2" time="0.003" classname="pack.Ref"/>
  <testcase name="tc_5" time="0.001" classname="pack.Testgrp"/>
  <testcase name="tc_3" time="0.0" classname="pack.Ref">
    <ignored/>
  </testcase> <!-- tc_3 -->
  <testcase name="tc_6" time="0.0" classname="pack.Testgrp">
    <ignored/>
  </testcase> <!-- tc_6 -->
  <testcase name="tc_4" time="0.0" classname="pack.Testgrp">
    <ignored/>
  </testcase> <!-- tc_4 -->
</testsuite> <!-- Demoxml -->
