<?xml version="1.0" encoding="UTF-8"?>
<testng-results skipped="0" failed="0" ignored="3" total="6" passed="3">
  <reporter-output>
  </reporter-output>
  <suite name="Suite" duration-ms="61" started-at="2018-07-06T08:31:01Z" finished-at="2018-07-06T08:31:01Z">
    <groups>
      <group name="regression">
        <method signature="Run.tc_3()[pri:0, instance:Freq.Run@6d00a15d]" name="tc_3" class="Freq.Run"/>
        <method signature="Testgrp.tc_4()[pri:0, instance:Freq.Testgrp@396a51ab]" name="tc_4" class="Freq.Testgrp"/>
        <method signature="Testgrp.tc_6()[pri:0, instance:Freq.Testgrp@396a51ab]" name="tc_6" class="Freq.Testgrp"/>
      </group> <!-- regression -->
    </groups>
    <test name="FirefoxTest" duration-ms="61" started-at="2018-07-06T08:31:01Z" finished-at="2018-07-06T08:31:01Z">
      <class name="Freq.Testgrp">
        <test-method status="PASS" signature="tc_4()[pri:0, instance:Freq.Testgrp@396a51ab]" name="tc_4" duration-ms="5" started-at="2018-07-06T14:01:01Z" finished-at="2018-07-06T14:01:01Z">
          <reporter-output>
          </reporter-output>
        </test-method> <!-- tc_4 -->
        <test-method status="PASS" signature="tc_6()[pri:0, instance:Freq.Testgrp@396a51ab]" name="tc_6" duration-ms="3" started-at="2018-07-06T14:01:01Z" finished-at="2018-07-06T14:01:01Z">
          <reporter-output>
          </reporter-output>
        </test-method> <!-- tc_6 -->
      </class> <!-- Freq.Testgrp -->
      <class name="Freq.Run">
        <test-method status="PASS" signature="tc_3()[pri:0, instance:Freq.Run@6d00a15d]" name="tc_3" duration-ms="15" started-at="2018-07-06T14:01:01Z" finished-at="2018-07-06T14:01:01Z">
          <reporter-output>
          </reporter-output>
        </test-method> <!-- tc_3 -->
      </class> <!-- Freq.Run -->
    </test> <!-- FirefoxTest -->
  </suite> <!-- Suite -->
</testng-results>
